nohup: ignoring input
[master ba8de36] 2017-10-16
 1 file changed, 76 insertions(+), 49 deletions(-)
To git@github.com:tzpBingo/github-trending.git
   1ab8fe0..ba8de36  master -> master
Branch master set up to track remote branch master from origin.
[master a40b10d] 2017-10-17
 1 file changed, 271 insertions(+)
 create mode 100644 2017-10-17.md
To git@github.com:tzpBingo/github-trending.git
   ba8de36..a40b10d  master -> master
Branch master set up to track remote branch master from origin.
[master f509039] 2017-10-18
 1 file changed, 271 insertions(+)
 create mode 100644 2017-10-18.md
To git@github.com:tzpBingo/github-trending.git
   a40b10d..f509039  master -> master
Branch master set up to track remote branch master from origin.
[master b9cffee] 2017-10-19
 1 file changed, 271 insertions(+)
 create mode 100644 2017-10-19.md
To git@github.com:tzpBingo/github-trending.git
   f509039..b9cffee  master -> master
Branch master set up to track remote branch master from origin.
[master 00bfb46] 2017-10-20
 1 file changed, 271 insertions(+)
 create mode 100644 2017-10-20.md
To git@github.com:tzpBingo/github-trending.git
   b9cffee..00bfb46  master -> master
Branch master set up to track remote branch master from origin.
[master 0ea6134] 2017-10-21
 1 file changed, 271 insertions(+)
 create mode 100644 2017-10-21.md
To git@github.com:tzpBingo/github-trending.git
   00bfb46..0ea6134  master -> master
Branch master set up to track remote branch master from origin.
[master 92c235f] 2017-10-22
 1 file changed, 271 insertions(+)
 create mode 100644 2017-10-22.md
To git@github.com:tzpBingo/github-trending.git
   0ea6134..92c235f  master -> master
Branch master set up to track remote branch master from origin.
[master 9fe1ee2] 2017-10-23
 1 file changed, 271 insertions(+)
 create mode 100644 2017-10-23.md
To git@github.com:tzpBingo/github-trending.git
   92c235f..9fe1ee2  master -> master
Branch master set up to track remote branch master from origin.
[master aca3db3] 2017-10-24
 1 file changed, 271 insertions(+)
 create mode 100644 2017-10-24.md
To git@github.com:tzpBingo/github-trending.git
   9fe1ee2..aca3db3  master -> master
Branch master set up to track remote branch master from origin.
[master e27edac] 2017-10-25
 1 file changed, 271 insertions(+)
 create mode 100644 2017-10-25.md
To git@github.com:tzpBingo/github-trending.git
   aca3db3..e27edac  master -> master
Branch master set up to track remote branch master from origin.
[master 8603c0d] 2017-10-26
 1 file changed, 271 insertions(+)
 create mode 100644 2017-10-26.md
To git@github.com:tzpBingo/github-trending.git
   e27edac..8603c0d  master -> master
Branch master set up to track remote branch master from origin.
[master 220bbfc] 2017-10-27
 1 file changed, 271 insertions(+)
 create mode 100644 2017-10-27.md
To git@github.com:tzpBingo/github-trending.git
   8603c0d..220bbfc  master -> master
Branch master set up to track remote branch master from origin.
[master 7ebf937] 2017-10-28
 1 file changed, 271 insertions(+)
 create mode 100644 2017-10-28.md
To git@github.com:tzpBingo/github-trending.git
   220bbfc..7ebf937  master -> master
Branch master set up to track remote branch master from origin.
[master ed0ae6a] 2017-10-29
 1 file changed, 271 insertions(+)
 create mode 100644 2017-10-29.md
To git@github.com:tzpBingo/github-trending.git
   7ebf937..ed0ae6a  master -> master
Branch master set up to track remote branch master from origin.
[master e80a325] 2017-10-30
 1 file changed, 271 insertions(+)
 create mode 100644 2017-10-30.md
To git@github.com:tzpBingo/github-trending.git
   ed0ae6a..e80a325  master -> master
Branch master set up to track remote branch master from origin.
[master 8c52954] 2017-10-31
 1 file changed, 271 insertions(+)
 create mode 100644 2017-10-31.md
To git@github.com:tzpBingo/github-trending.git
   e80a325..8c52954  master -> master
Branch master set up to track remote branch master from origin.
[master 3c767c5] 2017-11-01
 1 file changed, 271 insertions(+)
 create mode 100644 2017-11-01.md
To git@github.com:tzpBingo/github-trending.git
   8c52954..3c767c5  master -> master
Branch master set up to track remote branch master from origin.
[master 72e0d14] 2017-11-02
 1 file changed, 271 insertions(+)
 create mode 100644 2017-11-02.md
To git@github.com:tzpBingo/github-trending.git
   3c767c5..72e0d14  master -> master
Branch master set up to track remote branch master from origin.
[master ed15f03] 2017-11-03
 1 file changed, 271 insertions(+)
 create mode 100644 2017-11-03.md
To git@github.com:tzpBingo/github-trending.git
   72e0d14..ed15f03  master -> master
Branch master set up to track remote branch master from origin.
[master bfe6071] 2017-11-04
 1 file changed, 271 insertions(+)
 create mode 100644 2017-11-04.md
To git@github.com:tzpBingo/github-trending.git
   ed15f03..bfe6071  master -> master
Branch master set up to track remote branch master from origin.
[master bba0dd0] 2017-11-05
 1 file changed, 271 insertions(+)
 create mode 100644 2017-11-05.md
To git@github.com:tzpBingo/github-trending.git
   bfe6071..bba0dd0  master -> master
Branch master set up to track remote branch master from origin.
[master b46508c] 2017-11-06
 1 file changed, 271 insertions(+)
 create mode 100644 2017-11-06.md
To git@github.com:tzpBingo/github-trending.git
   bba0dd0..b46508c  master -> master
Branch master set up to track remote branch master from origin.
[master e2d9e72] 2017-11-07
 1 file changed, 271 insertions(+)
 create mode 100644 2017-11-07.md
To git@github.com:tzpBingo/github-trending.git
   b46508c..e2d9e72  master -> master
Branch master set up to track remote branch master from origin.
[master 883fd76] 2017-11-08
 1 file changed, 271 insertions(+)
 create mode 100644 2017-11-08.md
To git@github.com:tzpBingo/github-trending.git
   e2d9e72..883fd76  master -> master
Branch master set up to track remote branch master from origin.
[master 122bf05] 2017-11-09
 1 file changed, 271 insertions(+)
 create mode 100644 2017-11-09.md
To git@github.com:tzpBingo/github-trending.git
   883fd76..122bf05  master -> master
Branch master set up to track remote branch master from origin.
[master f597427] 2017-11-10
 1 file changed, 271 insertions(+)
 create mode 100644 2017-11-10.md
To git@github.com:tzpBingo/github-trending.git
   122bf05..f597427  master -> master
Branch master set up to track remote branch master from origin.
[master d8ac86c] 2017-11-11
 1 file changed, 271 insertions(+)
 create mode 100644 2017-11-11.md
To git@github.com:tzpBingo/github-trending.git
   f597427..d8ac86c  master -> master
Branch master set up to track remote branch master from origin.
[master 4448d85] 2017-11-12
 1 file changed, 271 insertions(+)
 create mode 100644 2017-11-12.md
To git@github.com:tzpBingo/github-trending.git
   d8ac86c..4448d85  master -> master
Branch master set up to track remote branch master from origin.
[master 944c358] 2017-11-13
 1 file changed, 271 insertions(+)
 create mode 100644 2017-11-13.md
To git@github.com:tzpBingo/github-trending.git
   4448d85..944c358  master -> master
Branch master set up to track remote branch master from origin.
[master a3cc66b] 2017-11-14
 1 file changed, 271 insertions(+)
 create mode 100644 2017-11-14.md
To git@github.com:tzpBingo/github-trending.git
   944c358..a3cc66b  master -> master
Branch master set up to track remote branch master from origin.
[master 2cf5d7c] 2017-11-15
 1 file changed, 271 insertions(+)
 create mode 100644 2017-11-15.md
To git@github.com:tzpBingo/github-trending.git
   a3cc66b..2cf5d7c  master -> master
Branch master set up to track remote branch master from origin.
[master 568b64f] 2017-11-16
 1 file changed, 271 insertions(+)
 create mode 100644 2017-11-16.md
To git@github.com:tzpBingo/github-trending.git
   2cf5d7c..568b64f  master -> master
Branch master set up to track remote branch master from origin.
[master 1828c3c] 2017-11-17
 1 file changed, 271 insertions(+)
 create mode 100644 2017-11-17.md
To git@github.com:tzpBingo/github-trending.git
   568b64f..1828c3c  master -> master
Branch master set up to track remote branch master from origin.
[master 2c2b06f] 2017-11-18
 1 file changed, 271 insertions(+)
 create mode 100644 2017-11-18.md
To git@github.com:tzpBingo/github-trending.git
   1828c3c..2c2b06f  master -> master
Branch master set up to track remote branch master from origin.
[master 06fab92] 2017-11-19
 1 file changed, 271 insertions(+)
 create mode 100644 2017-11-19.md
To git@github.com:tzpBingo/github-trending.git
   2c2b06f..06fab92  master -> master
Branch master set up to track remote branch master from origin.
[master 04e9bd4] 2017-11-20
 1 file changed, 271 insertions(+)
 create mode 100644 2017-11-20.md
To git@github.com:tzpBingo/github-trending.git
   06fab92..04e9bd4  master -> master
Branch master set up to track remote branch master from origin.
[master ab6c14a] 2017-11-21
 1 file changed, 271 insertions(+)
 create mode 100644 2017-11-21.md
To git@github.com:tzpBingo/github-trending.git
   04e9bd4..ab6c14a  master -> master
Branch master set up to track remote branch master from origin.
[master 55bf689] 2017-11-22
 1 file changed, 271 insertions(+)
 create mode 100644 2017-11-22.md
To git@github.com:tzpBingo/github-trending.git
   ab6c14a..55bf689  master -> master
Branch master set up to track remote branch master from origin.
[master 8b46ee4] 2017-11-23
 1 file changed, 271 insertions(+)
 create mode 100644 2017-11-23.md
To git@github.com:tzpBingo/github-trending.git
   55bf689..8b46ee4  master -> master
Branch master set up to track remote branch master from origin.
[master 6a85ebc] 2017-11-24
 1 file changed, 271 insertions(+)
 create mode 100644 2017-11-24.md
To git@github.com:tzpBingo/github-trending.git
   8b46ee4..6a85ebc  master -> master
Branch master set up to track remote branch master from origin.
[master 85f6e5e] 2017-11-25
 1 file changed, 271 insertions(+)
 create mode 100644 2017-11-25.md
To git@github.com:tzpBingo/github-trending.git
   6a85ebc..85f6e5e  master -> master
Branch master set up to track remote branch master from origin.
[master eecb148] 2017-11-26
 1 file changed, 271 insertions(+)
 create mode 100644 2017-11-26.md
To git@github.com:tzpBingo/github-trending.git
   85f6e5e..eecb148  master -> master
Branch master set up to track remote branch master from origin.
[master 089e8a0] 2017-11-27
 1 file changed, 271 insertions(+)
 create mode 100644 2017-11-27.md
To git@github.com:tzpBingo/github-trending.git
   eecb148..089e8a0  master -> master
Branch master set up to track remote branch master from origin.
[master f9dace5] 2017-11-28
 1 file changed, 271 insertions(+)
 create mode 100644 2017-11-28.md
To git@github.com:tzpBingo/github-trending.git
   089e8a0..f9dace5  master -> master
Branch master set up to track remote branch master from origin.
[master 98f875a] 2017-11-29
 1 file changed, 271 insertions(+)
 create mode 100644 2017-11-29.md
To git@github.com:tzpBingo/github-trending.git
   f9dace5..98f875a  master -> master
Branch master set up to track remote branch master from origin.
[master 7bef01b] 2017-11-30
 1 file changed, 271 insertions(+)
 create mode 100644 2017-11-30.md
To git@github.com:tzpBingo/github-trending.git
   98f875a..7bef01b  master -> master
Branch master set up to track remote branch master from origin.
[master e67ee11] 2017-12-01
 1 file changed, 271 insertions(+)
 create mode 100644 2017-12-01.md
To git@github.com:tzpBingo/github-trending.git
   7bef01b..e67ee11  master -> master
Branch master set up to track remote branch master from origin.
[master f26432c] 2017-12-02
 1 file changed, 271 insertions(+)
 create mode 100644 2017-12-02.md
To git@github.com:tzpBingo/github-trending.git
   e67ee11..f26432c  master -> master
Branch master set up to track remote branch master from origin.
[master 4d257ea] 2017-12-03
 1 file changed, 271 insertions(+)
 create mode 100644 2017-12-03.md
To git@github.com:tzpBingo/github-trending.git
   f26432c..4d257ea  master -> master
Branch master set up to track remote branch master from origin.
[master 4fe9062] 2017-12-04
 1 file changed, 271 insertions(+)
 create mode 100644 2017-12-04.md
To git@github.com:tzpBingo/github-trending.git
   4d257ea..4fe9062  master -> master
Branch master set up to track remote branch master from origin.
[master ad8bc65] 2017-12-05
 1 file changed, 271 insertions(+)
 create mode 100644 2017-12-05.md
To git@github.com:tzpBingo/github-trending.git
   4fe9062..ad8bc65  master -> master
Branch master set up to track remote branch master from origin.
[master 384a5dc] 2017-12-06
 1 file changed, 271 insertions(+)
 create mode 100644 2017-12-06.md
To git@github.com:tzpBingo/github-trending.git
   ad8bc65..384a5dc  master -> master
Branch master set up to track remote branch master from origin.
[master 2ae79e7] 2017-12-07
 1 file changed, 271 insertions(+)
 create mode 100644 2017-12-07.md
To git@github.com:tzpBingo/github-trending.git
   384a5dc..2ae79e7  master -> master
Branch master set up to track remote branch master from origin.
[master deb33b9] 2017-12-08
 1 file changed, 271 insertions(+)
 create mode 100644 2017-12-08.md
To git@github.com:tzpBingo/github-trending.git
   2ae79e7..deb33b9  master -> master
Branch master set up to track remote branch master from origin.
[master a230fe1] 2017-12-09
 1 file changed, 271 insertions(+)
 create mode 100644 2017-12-09.md
To git@github.com:tzpBingo/github-trending.git
   deb33b9..a230fe1  master -> master
Branch master set up to track remote branch master from origin.
[master b4f1d23] 2017-12-10
 1 file changed, 271 insertions(+)
 create mode 100644 2017-12-10.md
To git@github.com:tzpBingo/github-trending.git
   a230fe1..b4f1d23  master -> master
Branch master set up to track remote branch master from origin.
[master bf8bec6] 2017-12-11
 1 file changed, 271 insertions(+)
 create mode 100644 2017-12-11.md
To git@github.com:tzpBingo/github-trending.git
   b4f1d23..bf8bec6  master -> master
Branch master set up to track remote branch master from origin.
[master e78746b] 2017-12-12
 1 file changed, 271 insertions(+)
 create mode 100644 2017-12-12.md
To git@github.com:tzpBingo/github-trending.git
   bf8bec6..e78746b  master -> master
Branch master set up to track remote branch master from origin.
[master 40d78d5] 2017-12-13
 1 file changed, 271 insertions(+)
 create mode 100644 2017-12-13.md
To git@github.com:tzpBingo/github-trending.git
   e78746b..40d78d5  master -> master
Branch master set up to track remote branch master from origin.
[master e56945f] 2017-12-14
 1 file changed, 271 insertions(+)
 create mode 100644 2017-12-14.md
To git@github.com:tzpBingo/github-trending.git
   40d78d5..e56945f  master -> master
Branch master set up to track remote branch master from origin.
