owner:  
URL:  https://github.com/zhuhaow/NEKit
Owner Img:  
owner:  
URL:  https://github.com/kickstarter/ios-oss
Owner Img:  
owner:  
URL:  https://github.com/omaralbeik/SwifterSwift
Owner Img:  
owner:  
URL:  https://github.com/NghiaTranUIT/iOS-Awesome-Starter-Kit
Owner Img:  
owner:  
URL:  https://github.com/shu223/iOS-10-Sampler
Owner Img:  
owner:  
URL:  https://github.com/krzyzanowskim/CryptoSwift
Owner Img:  
owner:  
URL:  https://github.com/fancymax/12306ForMac
Owner Img:  
owner:  
URL:  https://github.com/zhuhaow/SpechtLite
Owner Img:  
owner:  
URL:  https://github.com/danielgindi/Charts
Owner Img:  
owner:  
URL:  https://github.com/Alamofire/Alamofire
Owner Img:  
owner:  
URL:  https://github.com/xmartlabs/Eureka
Owner Img:  
owner:  
URL:  https://github.com/krzysztofzablocki/Sourcery
Owner Img:  
owner:  
URL:  https://github.com/ReactiveCocoa/ReactiveCocoa
Owner Img:  
owner:  
URL:  https://github.com/onevcat/Kingfisher
Owner Img:  
owner:  
URL:  https://github.com/JohnCoates/Aerial
Owner Img:  
owner:  
URL:  https://github.com/vsouza/awesome-ios
Owner Img:  
owner:  
URL:  https://github.com/SwiftyJSON/SwiftyJSON
Owner Img:  
owner:  
URL:  https://github.com/ReactiveX/RxSwift
Owner Img:  
owner:  
URL:  https://github.com/raywenderlich/swift-algorithm-club
Owner Img:  
owner:  
URL:  https://github.com/ninjaprox/NVActivityIndicatorView
Owner Img:  
owner:  
URL:  https://github.com/Quick/Quick
Owner Img:  
owner:  
URL:  https://github.com/mxcl/PromiseKit
Owner Img:  
owner:  
URL:  https://github.com/netyouli/WHC_AutoLayoutKit
Owner Img:  
owner:  
URL:  https://github.com/stephencelis/SQLite.swift
Owner Img:  
owner:  
URL:  https://github.com/patchthecode/JTAppleCalendar
Owner Img:  
owner:  
URL:  https://github.com/QMUI/QMUI_iOS
Owner Img:  
owner:  
URL:  https://github.com/mogulanyang/LYMagicMacro
Owner Img:  
owner:  
URL:  https://github.com/zhengwenming/WMDragView
Owner Img:  
owner:  
URL:  https://github.com/Instagram/IGListKit
Owner Img:  
owner:  
URL:  https://github.com/nitishmakhija/EasyTipView
Owner Img:  
owner:  
URL:  https://github.com/shu223/AnimatedTransitionGallery
Owner Img:  
owner:  
URL:  https://github.com/hackiftekhar/IQKeyboardManager
Owner Img:  
owner:  
URL:  https://github.com/kangzubin/XMNetworking
Owner Img:  
owner:  
URL:  https://github.com/realm/realm-cocoa
Owner Img:  
owner:  
URL:  https://github.com/longitachi/ZLPhotoBrowser
Owner Img:  
owner:  
URL:  https://github.com/China131/JHChart
Owner Img:  
owner:  
URL:  https://github.com/iphone5solo/PYSearch
Owner Img:  
owner:  
URL:  https://github.com/CoderMJLee/MJRefresh
Owner Img:  
owner:  
URL:  https://github.com/QMUI/QMUIDemo_iOS
Owner Img:  
owner:  
URL:  https://github.com/BradLarson/GPUImage
Owner Img:  
owner:  
URL:  https://github.com/banchichen/TZImagePickerController
Owner Img:  
owner:  
URL:  https://github.com/iphone5solo/PYTheme
Owner Img:  
owner:  
URL:  https://github.com/nicklockwood/iCarousel
Owner Img:  
owner:  
URL:  https://github.com/robbiehanson/CocoaAsyncSocket
Owner Img:  
owner:  
URL:  https://github.com/WenchaoD/FSCalendar
Owner Img:  
owner:  
URL:  https://github.com/jessesquires/JSQMessagesViewController
Owner Img:  
owner:  
URL:  https://github.com/marcuswestin/WebViewJavascriptBridge
Owner Img:  
owner:  
URL:  https://github.com/material-components/material-components-ios
Owner Img:  
owner:  
URL:  https://github.com/facebook/AsyncDisplayKit
Owner Img:  
owner:  
URL:  https://github.com/airbnb/react-native-maps
Owner Img:  
owner:  
URL:  https://github.com/geohot/lolrecaptcha
Owner Img:  
owner:  
URL:  https://github.com/DiSiqueira/Gorganizer
Owner Img:  
owner:  
URL:  https://github.com/golang/go
Owner Img:  
owner:  
URL:  https://github.com/nim4/DBShield
Owner Img:  
owner:  
URL:  https://github.com/schollz/find-lf
Owner Img:  
owner:  
URL:  https://github.com/pingcap/tidb
Owner Img:  
owner:  
URL:  https://github.com/docker/docker
Owner Img:  
owner:  
URL:  https://github.com/nomad-software/meme
Owner Img:  
owner:  
URL:  https://github.com/junegunn/fzf
Owner Img:  
owner:  
URL:  https://github.com/gogits/gogs
Owner Img:  
owner:  
URL:  https://github.com/kubernetes/kubernetes
Owner Img:  
owner:  
URL:  https://github.com/getlantern/lantern
Owner Img:  
owner:  
URL:  https://github.com/smallSohoSolo/solo-ci
Owner Img:  
owner:  
URL:  https://github.com/prometheus/prometheus
Owner Img:  
owner:  
URL:  https://github.com/grafana/grafana
Owner Img:  
owner:  
URL:  https://github.com/avelino/awesome-go
Owner Img:  
owner:  
URL:  https://github.com/astaxie/build-web-application-with-golang
Owner Img:  
owner:  
URL:  https://github.com/thewhitetulip/web-dev-golang-anti-textbook
Owner Img:  
owner:  
URL:  https://github.com/cloudson/gitql
Owner Img:  
owner:  
URL:  https://github.com/github/gh-ost
Owner Img:  
owner:  
URL:  https://github.com/gin-gonic/gin
Owner Img:  
owner:  
URL:  https://github.com/astaxie/beego
Owner Img:  
owner:  
URL:  https://github.com/xtaci/kcptun
Owner Img:  
owner:  
URL:  https://github.com/egonelbre/gophers
Owner Img:  
owner:  
URL:  https://github.com/spf13/cobra
Owner Img:  
owner:  
URL:  https://github.com/FreeCodeCamp/FreeCodeCamp
Owner Img:  
owner:  
URL:  https://github.com/amark/gun
Owner Img:  
owner:  
URL:  https://github.com/vuejs/vue
Owner Img:  
owner:  
URL:  https://github.com/QingWei-Li/docsify
Owner Img:  
owner:  
URL:  https://github.com/mitmproxy/mitmproxy
Owner Img:  
owner:  
URL:  https://github.com/devongovett/regexgen
Owner Img:  
owner:  
URL:  https://github.com/ChromeDevTools/devtools-frontend
Owner Img:  
owner:  
URL:  https://github.com/Bilibili/flv.js
Owner Img:  
owner:  
URL:  https://github.com/GoogleChrome/lighthouse
Owner Img:  
owner:  
URL:  https://github.com/go-gitea/gitea
Owner Img:  
owner:  
URL:  https://github.com/sindu12jun/table-dragger
Owner Img:  
owner:  
URL:  https://github.com/facebookincubator/create-react-app
Owner Img:  
owner:  
URL:  https://github.com/MichMich/MagicMirror
Owner Img:  
owner:  
URL:  https://github.com/infernojs/inferno
Owner Img:  
owner:  
URL:  https://github.com/facebook/react
Owner Img:  
owner:  
URL:  https://github.com/chvin/react-tetris
Owner Img:  
owner:  
URL:  https://github.com/mzabriskie/axios
Owner Img:  
owner:  
URL:  https://github.com/kingdido999/zooming
Owner Img:  
owner:  
URL:  https://github.com/ruanyf/jstraining
Owner Img:  
owner:  
URL:  https://github.com/airbnb/javascript
Owner Img:  
owner:  
URL:  https://github.com/developit/preact
Owner Img:  
owner:  
URL:  https://github.com/material-components/material-components-web
Owner Img:  
owner:  
URL:  https://github.com/reactjs/redux
Owner Img:  
owner:  
URL:  https://github.com/facebook/react-native
Owner Img:  
owner:  
URL:  https://github.com/ggomaeng/react-native-facebook-ui
Owner Img:  
owner:  
URL:  https://github.com/donmelton/video_transcoding
Owner Img:  
owner:  
URL:  https://github.com/fastlane/fastlane
Owner Img:  
owner:  
URL:  https://github.com/jondot/awesome-react-native
Owner Img:  
owner:  
URL:  https://github.com/jekyll/jekyll
Owner Img:  
owner:  
URL:  https://github.com/octobox/octobox
Owner Img:  
owner:  
URL:  https://github.com/rails/rails
Owner Img:  
owner:  
URL:  https://github.com/remiprev/her
Owner Img:  
owner:  
URL:  https://github.com/noteflakes/lyp
Owner Img:  
owner:  
URL:  https://github.com/Homebrew/brew
Owner Img:  
owner:  
URL:  https://github.com/caskroom/homebrew-cask
Owner Img:  
owner:  
URL:  https://github.com/plataformatec/devise
Owner Img:  
owner:  
URL:  https://github.com/rapid7/metasploit-framework
Owner Img:  
owner:  
URL:  https://github.com/heckpsi-lab/em-midori
Owner Img:  
owner:  
URL:  https://github.com/cookpad/kuroko2
Owner Img:  
owner:  
URL:  https://github.com/discourse/discourse
Owner Img:  
owner:  
URL:  https://github.com/bbatsov/rubocop
Owner Img:  
owner:  
URL:  https://github.com/rails/webpacker
Owner Img:  
owner:  
URL:  https://github.com/anycable/anycable
Owner Img:  
owner:  
URL:  https://github.com/arbox/nlp-with-ruby
Owner Img:  
owner:  
URL:  https://github.com/mitchellh/vagrant
Owner Img:  
owner:  
URL:  https://github.com/sass/sass
Owner Img:  
owner:  
URL:  https://github.com/Shopify/liquid
Owner Img:  
owner:  
URL:  https://github.com/deadlyvipers/dojo_rules
Owner Img:  
owner:  
URL:  https://github.com/svenfuchs/rails-i18n
Owner Img:  
owner:  
URL:  https://github.com/trailblazer/roar
Owner Img:  
Already up-to-date.
[master 6e82c49] 2016-12-27
 1 file changed, 376 insertions(+)
 create mode 100644 nohup.out
# On branch master
# Untracked files:
#   (use "git add <file>..." to include in what will be committed)
#
#	.gitignore
nothing added to commit but untracked files present (use "git add" to track)
Everything up-to-date
Branch master set up to track remote branch master from origin.
# On branch master
# Changes not staged for commit:
#   (use "git add <file>..." to update what will be committed)
#   (use "git checkout -- <file>..." to discard changes in working directory)
#
#	modified:   nohup.out
#	modified:   scraper.py
#
# Untracked files:
#   (use "git add <file>..." to include in what will be committed)
#
#	.gitignore
#	log.log
#	run.sh
no changes added to commit (use "git add" and/or "git commit -a")
Everything up-to-date
Branch master set up to track remote branch master from origin.
[master 496e8c7] 2017-09-08
 1 file changed, 244 insertions(+)
 create mode 100644 2017-09-08.md
To git@github.com:tzpBingo/github-trending.git
   0d0a51c..496e8c7  master -> master
Branch master set up to track remote branch master from origin.
[master 1c80902] 2017-09-09
 1 file changed, 244 insertions(+)
 create mode 100644 2017-09-09.md
To git@github.com:tzpBingo/github-trending.git
   496e8c7..1c80902  master -> master
Branch master set up to track remote branch master from origin.
[master af14160] 2017-09-10
 1 file changed, 244 insertions(+)
 create mode 100644 2017-09-10.md
To git@github.com:tzpBingo/github-trending.git
   1c80902..af14160  master -> master
Branch master set up to track remote branch master from origin.
[master d762595] 2017-09-11
 1 file changed, 244 insertions(+)
 create mode 100644 2017-09-11.md
To git@github.com:tzpBingo/github-trending.git
   af14160..d762595  master -> master
Branch master set up to track remote branch master from origin.
[master 996a177] 2017-09-12
 1 file changed, 244 insertions(+)
 create mode 100644 2017-09-12.md
To git@github.com:tzpBingo/github-trending.git
   d762595..996a177  master -> master
Branch master set up to track remote branch master from origin.
[master 3a8994d] 2017-09-13
 1 file changed, 244 insertions(+)
 create mode 100644 2017-09-13.md
To git@github.com:tzpBingo/github-trending.git
   996a177..3a8994d  master -> master
Branch master set up to track remote branch master from origin.
[master a2e9f66] 2017-09-14
 1 file changed, 244 insertions(+)
 create mode 100644 2017-09-14.md
To git@github.com:tzpBingo/github-trending.git
   3a8994d..a2e9f66  master -> master
Branch master set up to track remote branch master from origin.
[master dd8b240] 2017-09-15
 1 file changed, 244 insertions(+)
 create mode 100644 2017-09-15.md
To git@github.com:tzpBingo/github-trending.git
   a2e9f66..dd8b240  master -> master
Branch master set up to track remote branch master from origin.
[master 1ce5bf0] 2017-09-16
 1 file changed, 244 insertions(+)
 create mode 100644 2017-09-16.md
To git@github.com:tzpBingo/github-trending.git
   dd8b240..1ce5bf0  master -> master
Branch master set up to track remote branch master from origin.
[master bbb6669] 2017-09-17
 1 file changed, 244 insertions(+)
 create mode 100644 2017-09-17.md
To git@github.com:tzpBingo/github-trending.git
   1ce5bf0..bbb6669  master -> master
Branch master set up to track remote branch master from origin.
[master b87be24] 2017-09-18
 1 file changed, 244 insertions(+)
 create mode 100644 2017-09-18.md
To git@github.com:tzpBingo/github-trending.git
   bbb6669..b87be24  master -> master
Branch master set up to track remote branch master from origin.
[master 5262e78] 2017-09-19
 1 file changed, 244 insertions(+)
 create mode 100644 2017-09-19.md
To git@github.com:tzpBingo/github-trending.git
   b87be24..5262e78  master -> master
Branch master set up to track remote branch master from origin.
[master e69d0cc] 2017-09-20
 1 file changed, 244 insertions(+)
 create mode 100644 2017-09-20.md
To git@github.com:tzpBingo/github-trending.git
   5262e78..e69d0cc  master -> master
Branch master set up to track remote branch master from origin.
[master 57355f6] 2017-09-21
 1 file changed, 244 insertions(+)
 create mode 100644 2017-09-21.md
To git@github.com:tzpBingo/github-trending.git
   e69d0cc..57355f6  master -> master
Branch master set up to track remote branch master from origin.
[master 9120ec1] 2017-09-22
 1 file changed, 244 insertions(+)
 create mode 100644 2017-09-22.md
To git@github.com:tzpBingo/github-trending.git
   57355f6..9120ec1  master -> master
Branch master set up to track remote branch master from origin.
[master 290ea8c] 2017-09-23
 1 file changed, 244 insertions(+)
 create mode 100644 2017-09-23.md
To git@github.com:tzpBingo/github-trending.git
   9120ec1..290ea8c  master -> master
Branch master set up to track remote branch master from origin.
[master d559378] 2017-09-24
 1 file changed, 244 insertions(+)
 create mode 100644 2017-09-24.md
To git@github.com:tzpBingo/github-trending.git
   290ea8c..d559378  master -> master
Branch master set up to track remote branch master from origin.
[master 565a966] 2017-09-25
 1 file changed, 244 insertions(+)
 create mode 100644 2017-09-25.md
To git@github.com:tzpBingo/github-trending.git
   d559378..565a966  master -> master
Branch master set up to track remote branch master from origin.
[master abe9759] 2017-09-26
 1 file changed, 244 insertions(+)
 create mode 100644 2017-09-26.md
To git@github.com:tzpBingo/github-trending.git
   565a966..abe9759  master -> master
Branch master set up to track remote branch master from origin.
[master 29c8047] 2017-09-27
 1 file changed, 244 insertions(+)
 create mode 100644 2017-09-27.md
To git@github.com:tzpBingo/github-trending.git
   abe9759..29c8047  master -> master
Branch master set up to track remote branch master from origin.
[master be1811a] 2017-09-28
 1 file changed, 244 insertions(+)
 create mode 100644 2017-09-28.md
To git@github.com:tzpBingo/github-trending.git
   29c8047..be1811a  master -> master
Branch master set up to track remote branch master from origin.
[master bd13ecb] 2017-09-29
 1 file changed, 244 insertions(+)
 create mode 100644 2017-09-29.md
To git@github.com:tzpBingo/github-trending.git
   be1811a..bd13ecb  master -> master
Branch master set up to track remote branch master from origin.
[master 6ca3b94] 2017-09-30
 1 file changed, 244 insertions(+)
 create mode 100644 2017-09-30.md
To git@github.com:tzpBingo/github-trending.git
   bd13ecb..6ca3b94  master -> master
Branch master set up to track remote branch master from origin.
[master 3d17116] 2017-10-01
 1 file changed, 244 insertions(+)
 create mode 100644 2017-10-01.md
To git@github.com:tzpBingo/github-trending.git
   6ca3b94..3d17116  master -> master
Branch master set up to track remote branch master from origin.
[master d146668] 2017-10-02
 1 file changed, 244 insertions(+)
 create mode 100644 2017-10-02.md
To git@github.com:tzpBingo/github-trending.git
   3d17116..d146668  master -> master
Branch master set up to track remote branch master from origin.
[master 959e5da] 2017-10-03
 1 file changed, 244 insertions(+)
 create mode 100644 2017-10-03.md
To git@github.com:tzpBingo/github-trending.git
   d146668..959e5da  master -> master
Branch master set up to track remote branch master from origin.
[master 2afc7ab] 2017-10-04
 1 file changed, 244 insertions(+)
 create mode 100644 2017-10-04.md
To git@github.com:tzpBingo/github-trending.git
   959e5da..2afc7ab  master -> master
Branch master set up to track remote branch master from origin.
[master 7502dfd] 2017-10-05
 1 file changed, 244 insertions(+)
 create mode 100644 2017-10-05.md
To git@github.com:tzpBingo/github-trending.git
   2afc7ab..7502dfd  master -> master
Branch master set up to track remote branch master from origin.
[master 6bd8c0d] 2017-10-06
 1 file changed, 244 insertions(+)
 create mode 100644 2017-10-06.md
To git@github.com:tzpBingo/github-trending.git
   7502dfd..6bd8c0d  master -> master
Branch master set up to track remote branch master from origin.
[master 09b6c06] 2017-10-07
 1 file changed, 244 insertions(+)
 create mode 100644 2017-10-07.md
To git@github.com:tzpBingo/github-trending.git
   6bd8c0d..09b6c06  master -> master
Branch master set up to track remote branch master from origin.
[master 02f91d6] 2017-10-08
 1 file changed, 244 insertions(+)
 create mode 100644 2017-10-08.md
To git@github.com:tzpBingo/github-trending.git
   09b6c06..02f91d6  master -> master
Branch master set up to track remote branch master from origin.
[master eb242e8] 2017-10-09
 1 file changed, 244 insertions(+)
 create mode 100644 2017-10-09.md
To git@github.com:tzpBingo/github-trending.git
   02f91d6..eb242e8  master -> master
Branch master set up to track remote branch master from origin.
